\\BANNER.MAIN.AD.RIT.EDU\STUDENTS\BBC4119\IGMPROFILE\DESKTOP\DSAPROJECT\TRYAGAIN\SOLARSYSTEM\Z_DELETE\OCTREE START\DEBUG\APPLICATION.OBJ
\\BANNER.MAIN.AD.RIT.EDU\STUDENTS\BBC4119\IGMPROFILE\DESKTOP\DSAPROJECT\TRYAGAIN\SOLARSYSTEM\Z_DELETE\OCTREE START\DEBUG\APPLICATIONCLASS.OBJ
\\BANNER.MAIN.AD.RIT.EDU\STUDENTS\BBC4119\IGMPROFILE\DESKTOP\DSAPROJECT\TRYAGAIN\SOLARSYSTEM\Z_DELETE\OCTREE START\DEBUG\APPLICATIONCONTROLS.OBJ
\\BANNER.MAIN.AD.RIT.EDU\STUDENTS\BBC4119\IGMPROFILE\DESKTOP\DSAPROJECT\TRYAGAIN\SOLARSYSTEM\Z_DELETE\OCTREE START\DEBUG\BIGTREE.OBJ
\\BANNER.MAIN.AD.RIT.EDU\STUDENTS\BBC4119\IGMPROFILE\DESKTOP\DSAPROJECT\TRYAGAIN\SOLARSYSTEM\Z_DELETE\OCTREE START\DEBUG\MAIN.OBJ
\\BANNER.MAIN.AD.RIT.EDU\STUDENTS\BBC4119\IGMPROFILE\DESKTOP\DSAPROJECT\TRYAGAIN\SOLARSYSTEM\Z_DELETE\OCTREE START\DEBUG\OCTANTS.OBJ
\\BANNER.MAIN.AD.RIT.EDU\STUDENTS\BBC4119\IGMPROFILE\DESKTOP\DSAPROJECT\TRYAGAIN\SOLARSYSTEM\Z_DELETE\OCTREE START\DEBUG\VC110.PDB
\\BANNER.MAIN.AD.RIT.EDU\STUDENTS\BBC4119\IGMPROFILE\DESKTOP\DSAPROJECT\TRYAGAIN\SOLARSYSTEM\Z_DELETE\OCTREE START\DEBUG\BTO.RES
\\BANNER.MAIN.AD.RIT.EDU\STUDENTS\BBC4119\IGMPROFILE\DESKTOP\DSAPROJECT\TRYAGAIN\SOLARSYSTEM\Z_DELETE\OCTREE START\DEBUG\RCA02232
\\BANNER.MAIN.AD.RIT.EDU\STUDENTS\BBC4119\IGMPROFILE\DESKTOP\DSAPROJECT\TRYAGAIN\SOLARSYSTEM\Z_DELETE\OCTREE STARTD.ILK
\\BANNER.MAIN.AD.RIT.EDU\STUDENTS\BBC4119\IGMPROFILE\DESKTOP\DSAPROJECT\TRYAGAIN\SOLARSYSTEM\Z_DELETE\OCTREE STARTD.EXE
\\BANNER.MAIN.AD.RIT.EDU\STUDENTS\BBC4119\IGMPROFILE\DESKTOP\DSAPROJECT\TRYAGAIN\SOLARSYSTEM\Z_DELETE\OCTREE STARTD.PDB
\\banner.main.ad.rit.edu\students\bbc4119\IGMProfile\Desktop\DSAProject\TryAgain\SolarSystem\Z_DELETE\Octree start\Debug\Application.obj
\\banner.main.ad.rit.edu\students\bbc4119\IGMProfile\Desktop\DSAProject\TryAgain\SolarSystem\Z_DELETE\Octree start\Debug\ApplicationClass.obj
\\banner.main.ad.rit.edu\students\bbc4119\IGMProfile\Desktop\DSAProject\TryAgain\SolarSystem\Z_DELETE\Octree start\Debug\ApplicationControls.obj
\\banner.main.ad.rit.edu\students\bbc4119\IGMProfile\Desktop\DSAProject\TryAgain\SolarSystem\Z_DELETE\Octree start\Debug\bigTree.obj
\\banner.main.ad.rit.edu\students\bbc4119\IGMProfile\Desktop\DSAProject\TryAgain\SolarSystem\Z_DELETE\Octree start\Debug\Main.obj
\\banner.main.ad.rit.edu\students\bbc4119\IGMProfile\Desktop\DSAProject\TryAgain\SolarSystem\Z_DELETE\Octree start\Debug\Octants.obj
\\banner.main.ad.rit.edu\students\bbc4119\IGMProfile\Desktop\DSAProject\TryAgain\SolarSystem\Z_DELETE\Octree start\Debug\CL.read.1.tlog
\\banner.main.ad.rit.edu\students\bbc4119\IGMProfile\Desktop\DSAProject\TryAgain\SolarSystem\Z_DELETE\Octree start\Debug\CL.write.1.tlog
\\banner.main.ad.rit.edu\students\bbc4119\IGMProfile\Desktop\DSAProject\TryAgain\SolarSystem\Z_DELETE\Octree start\Debug\cl.command.1.tlog
\\banner.main.ad.rit.edu\students\bbc4119\IGMProfile\Desktop\DSAProject\TryAgain\SolarSystem\Z_DELETE\Octree start\Debug\rc.read.1.tlog
\\banner.main.ad.rit.edu\students\bbc4119\IGMProfile\Desktop\DSAProject\TryAgain\SolarSystem\Z_DELETE\Octree start\Debug\rc.write.1.tlog
\\banner.main.ad.rit.edu\students\bbc4119\IGMProfile\Desktop\DSAProject\TryAgain\SolarSystem\Z_DELETE\Octree start\Debug\rc.command.1.tlog
\\banner.main.ad.rit.edu\students\bbc4119\IGMProfile\Desktop\DSAProject\TryAgain\SolarSystem\Z_DELETE\Octree start\Debug\link-rc.read.1.tlog
\\banner.main.ad.rit.edu\students\bbc4119\IGMProfile\Desktop\DSAProject\TryAgain\SolarSystem\Z_DELETE\Octree start\Debug\link-rc.write.1.tlog
\\banner.main.ad.rit.edu\students\bbc4119\IGMProfile\Desktop\DSAProject\TryAgain\SolarSystem\Z_DELETE\Octree start\Debug\link-cvtres.read.1.tlog
\\banner.main.ad.rit.edu\students\bbc4119\IGMProfile\Desktop\DSAProject\TryAgain\SolarSystem\Z_DELETE\Octree start\Debug\link-cvtres.write.1.tlog
\\banner.main.ad.rit.edu\students\bbc4119\IGMProfile\Desktop\DSAProject\TryAgain\SolarSystem\Z_DELETE\Octree start\Debug\link.read.1.tlog
\\banner.main.ad.rit.edu\students\bbc4119\IGMProfile\Desktop\DSAProject\TryAgain\SolarSystem\Z_DELETE\Octree start\Debug\link.write.1.tlog
\\banner.main.ad.rit.edu\students\bbc4119\IGMProfile\Desktop\DSAProject\TryAgain\SolarSystem\Z_DELETE\Octree start\Debug\link.command.1.tlog
\\banner.main.ad.rit.edu\students\bbc4119\IGMProfile\Desktop\DSAProject\TryAgain\SolarSystem\Z_DELETE\Octree start\Debug\BTO.res
\\banner.main.ad.rit.edu\students\bbc4119\IGMProfile\Desktop\DSAProject\TryAgain\SolarSystem\Z_DELETE\Octree start\Debug\vc110.idb
\\banner.main.ad.rit.edu\students\bbc4119\IGMProfile\Desktop\DSAProject\TryAgain\SolarSystem\Z_DELETE\Octree start\Debug\vc110.pdb
\\banner.main.ad.rit.edu\students\bbc4119\IGMProfile\Desktop\DSAProject\TryAgain\SolarSystem\Z_DELETE\Octree startD.pdb
\\banner.main.ad.rit.edu\students\bbc4119\IGMProfile\Desktop\DSAProject\TryAgain\SolarSystem\Z_DELETE\Octree startD.exe
\\banner.main.ad.rit.edu\students\bbc4119\IGMProfile\Desktop\DSAProject\TryAgain\SolarSystem\Z_DELETE\Octree startD.ilk
